<?xml version="1.0" encoding="UTF-8"?>
<!-- Generated by org.testng.reporters.JUnitReportReporter -->
<testsuite hostname="Kan3" failures="0" tests="3" name="com.mystore.testCases.OrderPurchasePageTest" time="84.749" errors="1" timestamp="2021-06-03T15:21:04 IST" skipped="2">
  <testcase classname="com.mystore.testCases.OrderPurchasePageTest" name="setUp" time="84.749">
    <error message="chrome not reachable
Build info: version: &#039;3.141.59&#039;, revision: &#039;e82be7d358&#039;, time: &#039;2018-11-14T08:17:03&#039;
System info: host: &#039;KAN3&#039;, ip: &#039;192.168.0.158&#039;, os.name: &#039;Windows 7&#039;, os.arch: &#039;amd64&#039;, os.version: &#039;6.1&#039;, java.version: &#039;15.0.2&#039;
Driver info: driver.version: ChromeDriver
remote stacktrace: Backtrace:
	Ordinal0 [0x011AC013+2474003]
	Ordinal0 [0x011429C1+2042305]
	Ordinal0 [0x01052E30+1060400]
	Ordinal0 [0x01047743+1013571]
	Ordinal0 [0x01071282+1184386]
	Ordinal0 [0x0106D600+1168896]
	Ordinal0 [0x0106AA83+1157763]
	Ordinal0 [0x0109A2A2+1352354]
	Ordinal0 [0x01098FAA+1347498]
	Ordinal0 [0x010966DB+1337051]
	Ordinal0 [0x01073427+1192999]
	Ordinal0 [0x010742EE+1196782]
	Ordinal0 [0x01074279+1196665]
	GetHandleVerifier [0x013396FC+1590332]
	GetHandleVerifier [0x013E8614+2306900]
	GetHandleVerifier [0x01239E93+543699]
	GetHandleVerifier [0x012392CE+540686]
	Ordinal0 [0x011486BA+2066106]
	Ordinal0 [0x0114D1C8+2085320]
	Ordinal0 [0x0114D308+2085640]
	Ordinal0 [0x011567F3+2123763]
	BaseThreadInitThunk [0x76C5343D+18]
	RtlInitializeExceptionChain [0x779D9812+99]
	RtlInitializeExceptionChain [0x779D97E5+54]
" type="org.openqa.selenium.WebDriverException">
      <![CDATA[org.openqa.selenium.WebDriverException: chrome not reachable
Build info: version: '3.141.59', revision: 'e82be7d358', time: '2018-11-14T08:17:03'
System info: host: 'KAN3', ip: '192.168.0.158', os.name: 'Windows 7', os.arch: 'amd64', os.version: '6.1', java.version: '15.0.2'
Driver info: driver.version: ChromeDriver
remote stacktrace: Backtrace:
Ordinal0 [0x011AC013+2474003]
Ordinal0 [0x011429C1+2042305]
Ordinal0 [0x01052E30+1060400]
Ordinal0 [0x01047743+1013571]
Ordinal0 [0x01071282+1184386]
Ordinal0 [0x0106D600+1168896]
Ordinal0 [0x0106AA83+1157763]
Ordinal0 [0x0109A2A2+1352354]
Ordinal0 [0x01098FAA+1347498]
Ordinal0 [0x010966DB+1337051]
Ordinal0 [0x01073427+1192999]
Ordinal0 [0x010742EE+1196782]
Ordinal0 [0x01074279+1196665]
GetHandleVerifier [0x013396FC+1590332]
GetHandleVerifier [0x013E8614+2306900]
GetHandleVerifier [0x01239E93+543699]
GetHandleVerifier [0x012392CE+540686]
Ordinal0 [0x011486BA+2066106]
Ordinal0 [0x0114D1C8+2085320]
Ordinal0 [0x0114D308+2085640]
Ordinal0 [0x011567F3+2123763]
BaseThreadInitThunk [0x76C5343D+18]
RtlInitializeExceptionChain [0x779D9812+99]
RtlInitializeExceptionChain [0x779D97E5+54]

at java.base/jdk.internal.reflect.NativeConstructorAccessorImpl.newInstance0(Native Method)
at java.base/jdk.internal.reflect.NativeConstructorAccessorImpl.newInstance(NativeConstructorAccessorImpl.java:64)
at java.base/jdk.internal.reflect.DelegatingConstructorAccessorImpl.newInstance(DelegatingConstructorAccessorImpl.java:45)
at java.base/java.lang.reflect.Constructor.newInstanceWithCaller(Constructor.java:500)
at java.base/java.lang.reflect.Constructor.newInstance(Constructor.java:481)
at org.openqa.selenium.remote.W3CHandshakeResponse.lambda$errorHandler$0(W3CHandshakeResponse.java:62)
at org.openqa.selenium.remote.HandshakeResponse.lambda$getResponseFunction$0(HandshakeResponse.java:30)
at org.openqa.selenium.remote.ProtocolHandshake.lambda$createSession$0(ProtocolHandshake.java:126)
at java.base/java.util.stream.ReferencePipeline$3$1.accept(ReferencePipeline.java:195)
at java.base/java.util.Spliterators$ArraySpliterator.tryAdvance(Spliterators.java:958)
at java.base/java.util.stream.ReferencePipeline.forEachWithCancel(ReferencePipeline.java:127)
at java.base/java.util.stream.AbstractPipeline.copyIntoWithCancel(AbstractPipeline.java:502)
at java.base/java.util.stream.AbstractPipeline.copyInto(AbstractPipeline.java:488)
at java.base/java.util.stream.AbstractPipeline.wrapAndCopyInto(AbstractPipeline.java:474)
at java.base/java.util.stream.FindOps$FindOp.evaluateSequential(FindOps.java:150)
at java.base/java.util.stream.AbstractPipeline.evaluate(AbstractPipeline.java:234)
at java.base/java.util.stream.ReferencePipeline.findFirst(ReferencePipeline.java:543)
at org.openqa.selenium.remote.ProtocolHandshake.createSession(ProtocolHandshake.java:128)
at org.openqa.selenium.remote.ProtocolHandshake.createSession(ProtocolHandshake.java:74)
at org.openqa.selenium.remote.HttpCommandExecutor.execute(HttpCommandExecutor.java:136)
at org.openqa.selenium.remote.service.DriverCommandExecutor.execute(DriverCommandExecutor.java:83)
at org.openqa.selenium.remote.RemoteWebDriver.execute(RemoteWebDriver.java:552)
at org.openqa.selenium.remote.RemoteWebDriver.startSession(RemoteWebDriver.java:213)
at org.openqa.selenium.remote.RemoteWebDriver.<init>(RemoteWebDriver.java:131)
at org.openqa.selenium.chrome.ChromeDriver.<init>(ChromeDriver.java:181)
at org.openqa.selenium.chrome.ChromeDriver.<init>(ChromeDriver.java:168)
at org.openqa.selenium.chrome.ChromeDriver.<init>(ChromeDriver.java:123)
at com.mystore.base.BaseClass.launchBrowser(BaseClass.java:72)
at com.mystore.testCases.OrderPurchasePageTest.setUp(OrderPurchasePageTest.java:48)
at java.base/jdk.internal.reflect.NativeMethodAccessorImpl.invoke0(Native Method)
at java.base/jdk.internal.reflect.NativeMethodAccessorImpl.invoke(NativeMethodAccessorImpl.java:64)
at java.base/jdk.internal.reflect.DelegatingMethodAccessorImpl.invoke(DelegatingMethodAccessorImpl.java:43)
at java.base/java.lang.reflect.Method.invoke(Method.java:564)
at org.testng.internal.MethodInvocationHelper.invokeMethod(MethodInvocationHelper.java:133)
at org.testng.internal.MethodInvocationHelper.invokeMethodConsideringTimeout(MethodInvocationHelper.java:62)
at org.testng.internal.ConfigInvoker.invokeConfigurationMethod(ConfigInvoker.java:385)
at org.testng.internal.ConfigInvoker.invokeConfigurations(ConfigInvoker.java:321)
at org.testng.internal.TestInvoker.runConfigMethods(TestInvoker.java:700)
at org.testng.internal.TestInvoker.invokeMethod(TestInvoker.java:527)
at org.testng.internal.TestInvoker.invokeTestMethod(TestInvoker.java:173)
at org.testng.internal.MethodRunner.runInSequence(MethodRunner.java:46)
at org.testng.internal.TestInvoker$MethodInvocationAgent.invoke(TestInvoker.java:824)
at org.testng.internal.TestInvoker.invokeTestMethods(TestInvoker.java:146)
at org.testng.internal.TestMethodWorker.invokeTestMethods(TestMethodWorker.java:146)
at org.testng.internal.TestMethodWorker.run(TestMethodWorker.java:128)
at java.base/java.util.ArrayList.forEach(ArrayList.java:1511)
at org.testng.TestRunner.privateRun(TestRunner.java:794)
at org.testng.TestRunner.run(TestRunner.java:596)
at org.testng.SuiteRunner.runTest(SuiteRunner.java:377)
at org.testng.SuiteRunner.runSequentially(SuiteRunner.java:371)
at org.testng.SuiteRunner.privateRun(SuiteRunner.java:332)
at org.testng.SuiteRunner.run(SuiteRunner.java:276)
at org.testng.SuiteRunnerWorker.runSuite(SuiteRunnerWorker.java:53)
at org.testng.SuiteRunnerWorker.run(SuiteRunnerWorker.java:96)
at org.testng.TestNG.runSuitesSequentially(TestNG.java:1212)
at org.testng.TestNG.runSuitesLocally(TestNG.java:1134)
at org.testng.TestNG.runSuites(TestNG.java:1063)
at org.testng.TestNG.run(TestNG.java:1031)
at org.testng.remote.AbstractRemoteTestNG.run(AbstractRemoteTestNG.java:115)
at org.testng.remote.RemoteTestNG.initAndRun(RemoteTestNG.java:251)
at org.testng.remote.RemoteTestNG.main(RemoteTestNG.java:77)
]]>
    </error>
  </testcase> <!-- setUp -->
  <system-out/>
  <testcase classname="com.mystore.testCases.OrderPurchasePageTest" name="verifyProductPurchase" time="0.000">
    <skipped/>
  </testcase> <!-- verifyProductPurchase -->
  <system-out/>
  <testcase classname="com.mystore.testCases.OrderPurchasePageTest" name="verifyProductPurchase" time="0.000">
    <skipped/>
  </testcase> <!-- verifyProductPurchase -->
  <system-out/>
</testsuite> <!-- com.mystore.testCases.OrderPurchasePageTest -->
