<?xml version="1.0" encoding="UTF-8"?>
<!-- Generated by org.testng.reporters.JUnitXMLReporter -->
<testsuite ignored="0" hostname="Kan3" failures="0" tests="2" name="chromeTest" time="92.01" errors="0" timestamp="2021-06-03T15:21:02 IST">
  <testcase classname="com.mystore.testCases.OrderPurchasePageTest" name="@BeforeMethod setUp" time="84.749">
    <failure type="org.openqa.selenium.WebDriverException" message="chrome not reachable
Build info: version: &amp;apos;3.141.59&amp;apos;, revision: &amp;apos;e82be7d358&amp;apos;, time: &amp;apos;2018-11-14T08:17:03&amp;apos;
System info: host: &amp;apos;KAN3&amp;apos;, ip: &amp;apos;192.168.0.158&amp;apos;, os.name: &amp;apos;Windows 7&amp;apos;, os.arch: &amp;apos;amd64&amp;apos;, os.version: &amp;apos;6.1&amp;apos;, java.version: &amp;apos;15.0.2&amp;apos;
Driver info: driver.version: ChromeDriver
remote stacktrace: Backtrace:
	Ordinal0 [0x011AC013+2474003]
	Ordinal0 [0x011429C1+2042305]
	Ordinal0 [0x01052E30+1060400]
	Ordinal0 [0x01047743+1013571]
	Ordinal0 [0x01071282+1184386]
	Ordinal0 [0x0106D600+1168896]
	Ordinal0 [0x0106AA83+1157763]
	Ordinal0 [0x0109A2A2+1352354]
	Ordinal0 [0x01098FAA+1347498]
	Ordinal0 [0x010966DB+1337051]
	Ordinal0 [0x01073427+1192999]
	Ordinal0 [0x010742EE+1196782]
	Ordinal0 [0x01074279+1196665]
	GetHandleVerifier [0x013396FC+1590332]
	GetHandleVerifier [0x013E8614+2306900]
	GetHandleVerifier [0x01239E93+543699]
	GetHandleVerifier [0x012392CE+540686]
	Ordinal0 [0x011486BA+2066106]
	Ordinal0 [0x0114D1C8+2085320]
	Ordinal0 [0x0114D308+2085640]
	Ordinal0 [0x011567F3+2123763]
	BaseThreadInitThunk [0x76C5343D+18]
	RtlInitializeExceptionChain [0x779D9812+99]
	RtlInitializeExceptionChain [0x779D97E5+54]
">
      <![CDATA[org.openqa.selenium.WebDriverException: chrome not reachable
Build info: version: '3.141.59', revision: 'e82be7d358', time: '2018-11-14T08:17:03'
System info: host: 'KAN3', ip: '192.168.0.158', os.name: 'Windows 7', os.arch: 'amd64', os.version: '6.1', java.version: '15.0.2'
Driver info: driver.version: ChromeDriver
remote stacktrace: Backtrace:
Ordinal0 [0x011AC013+2474003]
Ordinal0 [0x011429C1+2042305]
Ordinal0 [0x01052E30+1060400]
Ordinal0 [0x01047743+1013571]
Ordinal0 [0x01071282+1184386]
Ordinal0 [0x0106D600+1168896]
Ordinal0 [0x0106AA83+1157763]
Ordinal0 [0x0109A2A2+1352354]
Ordinal0 [0x01098FAA+1347498]
Ordinal0 [0x010966DB+1337051]
Ordinal0 [0x01073427+1192999]
Ordinal0 [0x010742EE+1196782]
Ordinal0 [0x01074279+1196665]
GetHandleVerifier [0x013396FC+1590332]
GetHandleVerifier [0x013E8614+2306900]
GetHandleVerifier [0x01239E93+543699]
GetHandleVerifier [0x012392CE+540686]
Ordinal0 [0x011486BA+2066106]
Ordinal0 [0x0114D1C8+2085320]
Ordinal0 [0x0114D308+2085640]
Ordinal0 [0x011567F3+2123763]
BaseThreadInitThunk [0x76C5343D+18]
RtlInitializeExceptionChain [0x779D9812+99]
RtlInitializeExceptionChain [0x779D97E5+54]

at org.openqa.selenium.remote.W3CHandshakeResponse.lambda$errorHandler$0(W3CHandshakeResponse.java:62)
at org.openqa.selenium.remote.HandshakeResponse.lambda$getResponseFunction$0(HandshakeResponse.java:30)
at org.openqa.selenium.remote.ProtocolHandshake.lambda$createSession$0(ProtocolHandshake.java:126)
at java.base/java.util.stream.ReferencePipeline$3$1.accept(ReferencePipeline.java:195)
at java.base/java.util.Spliterators$ArraySpliterator.tryAdvance(Spliterators.java:958)
at java.base/java.util.stream.ReferencePipeline.forEachWithCancel(ReferencePipeline.java:127)
at java.base/java.util.stream.AbstractPipeline.copyIntoWithCancel(AbstractPipeline.java:502)
at java.base/java.util.stream.AbstractPipeline.copyInto(AbstractPipeline.java:488)
at java.base/java.util.stream.AbstractPipeline.wrapAndCopyInto(AbstractPipeline.java:474)
at java.base/java.util.stream.FindOps$FindOp.evaluateSequential(FindOps.java:150)
at java.base/java.util.stream.AbstractPipeline.evaluate(AbstractPipeline.java:234)
at java.base/java.util.stream.ReferencePipeline.findFirst(ReferencePipeline.java:543)
at org.openqa.selenium.remote.ProtocolHandshake.createSession(ProtocolHandshake.java:128)
at org.openqa.selenium.remote.ProtocolHandshake.createSession(ProtocolHandshake.java:74)
at org.openqa.selenium.remote.HttpCommandExecutor.execute(HttpCommandExecutor.java:136)
at org.openqa.selenium.remote.service.DriverCommandExecutor.execute(DriverCommandExecutor.java:83)
at org.openqa.selenium.remote.RemoteWebDriver.execute(RemoteWebDriver.java:552)
at org.openqa.selenium.remote.RemoteWebDriver.startSession(RemoteWebDriver.java:213)
at org.openqa.selenium.remote.RemoteWebDriver.<init>(RemoteWebDriver.java:131)
at org.openqa.selenium.chrome.ChromeDriver.<init>(ChromeDriver.java:181)
at org.openqa.selenium.chrome.ChromeDriver.<init>(ChromeDriver.java:168)
at org.openqa.selenium.chrome.ChromeDriver.<init>(ChromeDriver.java:123)
at com.mystore.base.BaseClass.launchBrowser(BaseClass.java:72)
at com.mystore.testCases.OrderPurchasePageTest.setUp(OrderPurchasePageTest.java:48)
at java.base/java.util.ArrayList.forEach(ArrayList.java:1511)
... Removed 36 stack frames]]>
    </failure>
  </testcase> <!-- @BeforeMethod setUp -->
  <testcase classname="com.mystore.testCases.OrderPurchasePageTest" name="@AfterMethod tearDown" time="-1.622713860803E9">
    <skipped/>
  </testcase> <!-- @AfterMethod tearDown -->
  <testcase classname="com.mystore.testCases.OrderPurchasePageTest" name="@BeforeMethod setUp" time="-1.622713860814E9">
    <skipped/>
  </testcase> <!-- @BeforeMethod setUp -->
  <testcase classname="com.mystore.testCases.OrderPurchasePageTest" name="@AfterMethod tearDown" time="-1.622713860828E9">
    <skipped/>
  </testcase> <!-- @AfterMethod tearDown -->
  <testcase classname="com.mystore.testCases.OrderPurchasePageTest" name="verifyProductPurchase" time="0.0">
    <skipped/>
  </testcase> <!-- verifyProductPurchase -->
  <testcase classname="com.mystore.testCases.OrderPurchasePageTest" name="verifyProductPurchase" time="0.0">
    <skipped/>
  </testcase> <!-- verifyProductPurchase -->
</testsuite> <!-- chromeTest -->
